  [1m[35m (445.7ms)[0m  [1m[35mCREATE DATABASE "rails_react_example_development" ENCODING = 'unicode'[0m
  [1m[35m (419.0ms)[0m  [1m[35mCREATE DATABASE "rails_react_example_test" ENCODING = 'unicode'[0m
  [1m[35m (20.9ms)[0m  [1m[35mCREATE TABLE "schema_migrations" ("version" character varying NOT NULL PRIMARY KEY)[0m
  [1m[35m (9.8ms)[0m  [1m[35mCREATE TABLE "ar_internal_metadata" ("key" character varying NOT NULL PRIMARY KEY, "value" character varying, "created_at" timestamp(6) NOT NULL, "updated_at" timestamp(6) NOT NULL)[0m
  [1m[35m (1.4ms)[0m  [1m[34mSELECT "schema_migrations"."version" FROM "schema_migrations" ORDER BY "schema_migrations"."version" ASC[0m
Started GET "/" for ::1 at 2021-07-04 08:55:36 -0400
  [1m[35m (1.2ms)[0m  [1m[34mSELECT "schema_migrations"."version" FROM "schema_migrations" ORDER BY "schema_migrations"."version" ASC[0m
  
ActiveRecord::PendingMigrationError (

Migrations are pending. To resolve this issue, run:

        rails db:migrate RAILS_ENV=development

):
  
activerecord (6.0.2.1) lib/active_record/migration.rb:587:in `check_pending!'
activerecord (6.0.2.1) lib/active_record/migration.rb:564:in `call'
actionpack (6.0.2.1) lib/action_dispatch/middleware/callbacks.rb:27:in `block in call'
activesupport (6.0.2.1) lib/active_support/callbacks.rb:101:in `run_callbacks'
actionpack (6.0.2.1) lib/action_dispatch/middleware/callbacks.rb:26:in `call'
actionpack (6.0.2.1) lib/action_dispatch/middleware/executor.rb:14:in `call'
actionpack (6.0.2.1) lib/action_dispatch/middleware/actionable_exceptions.rb:17:in `call'
actionpack (6.0.2.1) lib/action_dispatch/middleware/debug_exceptions.rb:32:in `call'
web-console (4.0.1) lib/web_console/middleware.rb:132:in `call_app'
web-console (4.0.1) lib/web_console/middleware.rb:28:in `block in call'
web-console (4.0.1) lib/web_console/middleware.rb:17:in `catch'
web-console (4.0.1) lib/web_console/middleware.rb:17:in `call'
actionpack (6.0.2.1) lib/action_dispatch/middleware/show_exceptions.rb:33:in `call'
railties (6.0.2.1) lib/rails/rack/logger.rb:38:in `call_app'
railties (6.0.2.1) lib/rails/rack/logger.rb:26:in `block in call'
activesupport (6.0.2.1) lib/active_support/tagged_logging.rb:80:in `block in tagged'
activesupport (6.0.2.1) lib/active_support/tagged_logging.rb:28:in `tagged'
activesupport (6.0.2.1) lib/active_support/tagged_logging.rb:80:in `tagged'
railties (6.0.2.1) lib/rails/rack/logger.rb:26:in `call'
sprockets-rails (3.2.1) lib/sprockets/rails/quiet_assets.rb:13:in `call'
actionpack (6.0.2.1) lib/action_dispatch/middleware/remote_ip.rb:81:in `call'
actionpack (6.0.2.1) lib/action_dispatch/middleware/request_id.rb:27:in `call'
rack (2.1.2) lib/rack/method_override.rb:24:in `call'
rack (2.1.2) lib/rack/runtime.rb:24:in `call'
activesupport (6.0.2.1) lib/active_support/cache/strategy/local_cache_middleware.rb:29:in `call'
actionpack (6.0.2.1) lib/action_dispatch/middleware/executor.rb:14:in `call'
actionpack (6.0.2.1) lib/action_dispatch/middleware/static.rb:126:in `call'
rack (2.1.2) lib/rack/sendfile.rb:113:in `call'
actionpack (6.0.2.1) lib/action_dispatch/middleware/host_authorization.rb:83:in `call'
webpacker (4.2.2) lib/webpacker/dev_server_proxy.rb:23:in `perform_request'
rack-proxy (0.6.5) lib/rack/proxy.rb:57:in `call'
railties (6.0.2.1) lib/rails/engine.rb:526:in `call'
puma (3.12.2) lib/puma/configuration.rb:227:in `call'
puma (3.12.2) lib/puma/server.rb:674:in `handle_request'
puma (3.12.2) lib/puma/server.rb:476:in `process_client'
puma (3.12.2) lib/puma/server.rb:334:in `block in run'
puma (3.12.2) lib/puma/thread_pool.rb:135:in `block in spawn_thread'
  [1m[35m (0.4ms)[0m  [1m[34mSELECT pg_try_advisory_lock(7887907653913158480)[0m
  [1m[35m (1.4ms)[0m  [1m[34mSELECT "schema_migrations"."version" FROM "schema_migrations" ORDER BY "schema_migrations"."version" ASC[0m
Migrating to DeviseCreateUsers (20191119160942)
  [1m[35m (0.2ms)[0m  [1m[35mBEGIN[0m
  [1m[35m (13.6ms)[0m  [1m[35mCREATE TABLE "users" ("id" bigserial primary key, "email" character varying DEFAULT '' NOT NULL, "encrypted_password" character varying DEFAULT '' NOT NULL, "reset_password_token" character varying, "reset_password_sent_at" timestamp, "remember_created_at" timestamp, "created_at" timestamp(6) NOT NULL, "updated_at" timestamp(6) NOT NULL)[0m
  [1m[35m (2.3ms)[0m  [1m[35mCREATE UNIQUE INDEX  "index_users_on_email" ON "users"  ("email")[0m
  [1m[35m (1.3ms)[0m  [1m[35mCREATE UNIQUE INDEX  "index_users_on_reset_password_token" ON "users"  ("reset_password_token")[0m
  [1m[36mprimary::SchemaMigration Create (0.8ms)[0m  [1m[32mINSERT INTO "schema_migrations" ("version") VALUES ($1) RETURNING "version"[0m  [["version", "20191119160942"]]
  [1m[35m (0.7ms)[0m  [1m[35mCOMMIT[0m
Migrating to CreateTodoItems (20191119162915)
  [1m[35m (0.4ms)[0m  [1m[35mBEGIN[0m
  [1m[35m (9.9ms)[0m  [1m[35mCREATE TABLE "todo_items" ("id" bigserial primary key, "title" character varying, "user_id" bigint NOT NULL, "complete" boolean DEFAULT FALSE, "created_at" timestamp(6) NOT NULL, "updated_at" timestamp(6) NOT NULL, CONSTRAINT "fk_rails_d6ff5e17fe"
FOREIGN KEY ("user_id")
  REFERENCES "users" ("id")
)[0m
  [1m[35m (2.1ms)[0m  [1m[35mCREATE  INDEX  "index_todo_items_on_user_id" ON "todo_items"  ("user_id")[0m
  [1m[36mprimary::SchemaMigration Create (0.9ms)[0m  [1m[32mINSERT INTO "schema_migrations" ("version") VALUES ($1) RETURNING "version"[0m  [["version", "20191119162915"]]
  [1m[35m (0.7ms)[0m  [1m[35mCOMMIT[0m
  [1m[36mActiveRecord::InternalMetadata Load (0.8ms)[0m  [1m[34mSELECT "ar_internal_metadata".* FROM "ar_internal_metadata" WHERE "ar_internal_metadata"."key" = $1 LIMIT $2[0m  [["key", "environment"], ["LIMIT", 1]]
  [1m[35m (0.2ms)[0m  [1m[35mBEGIN[0m
  [1m[36mActiveRecord::InternalMetadata Create (0.9ms)[0m  [1m[32mINSERT INTO "ar_internal_metadata" ("key", "value", "created_at", "updated_at") VALUES ($1, $2, $3, $4) RETURNING "key"[0m  [["key", "environment"], ["value", "development"], ["created_at", "2021-07-04 12:56:01.951545"], ["updated_at", "2021-07-04 12:56:01.951545"]]
  [1m[35m (0.4ms)[0m  [1m[35mCOMMIT[0m
  [1m[35m (0.3ms)[0m  [1m[34mSELECT pg_advisory_unlock(7887907653913158480)[0m
  [1m[35m (1.2ms)[0m  [1m[34mSELECT "schema_migrations"."version" FROM "schema_migrations" ORDER BY "schema_migrations"."version" ASC[0m
Started GET "/" for ::1 at 2021-07-04 08:56:24 -0400
  [1m[35m (0.8ms)[0m  [1m[34mSELECT "schema_migrations"."version" FROM "schema_migrations" ORDER BY "schema_migrations"."version" ASC[0m
Processing by PagesController#home as HTML
  Rendering pages/home.html.erb within layouts/application
  Rendered pages/home.html.erb within layouts/application (Duration: 4.0ms | Allocations: 287)
[Webpacker] Compiling...
[Webpacker] Compiled all packs in /Users/nicklonz/GA_clones/rails-react-example/public/packs
[Webpacker] Browserslist: caniuse-lite is outdated. Please run next command `yarn upgrade`

[Webpacker] Hash: 30e29f2214bdb530b49f
Version: webpack 4.41.2
Time: 9624ms
Built at: 07/04/2021 8:56:38 AM
                                                 Asset      Size                   Chunks                         Chunk Names
                js/application-42e7759648035a50ebf0.js  3.09 MiB              application  [emitted] [immutable]  application
            js/application-42e7759648035a50ebf0.js.map  3.49 MiB              application  [emitted] [dev]        application
    js/components/AxiosHeaders-8fda6515f97c34064f50.js  59.2 KiB  components/AxiosHeaders  [emitted] [immutable]  components/AxiosHeaders
js/components/AxiosHeaders-8fda6515f97c34064f50.js.map  58.6 KiB  components/AxiosHeaders  [emitted] [dev]        components/AxiosHeaders
    js/components/ErrorMessage-1919bebd8510e0507a54.js   660 KiB  components/ErrorMessage  [emitted] [immutable]  components/ErrorMessage
js/components/ErrorMessage-1919bebd8510e0507a54.js.map   780 KiB  components/ErrorMessage  [emitted] [dev]        components/ErrorMessage
         js/components/Spinner-83834a046ba7a0287687.js  94.1 KiB       components/Spinner  [emitted] [immutable]  components/Spinner
     js/components/Spinner-83834a046ba7a0287687.js.map   106 KiB       components/Spinner  [emitted] [dev]        components/Spinner
         js/components/TodoApp-fb6ab6faf5ec8a6b04d4.js  1.79 MiB       components/TodoApp  [emitted] [immutable]  components/TodoApp
     js/components/TodoApp-fb6ab6faf5ec8a6b04d4.js.map  2.06 MiB       components/TodoApp  [emitted] [dev]        components/TodoApp
        js/components/TodoForm-1471dd8497c61a827ade.js   188 KiB      components/TodoForm  [emitted] [immutable]  components/TodoForm
    js/components/TodoForm-1471dd8497c61a827ade.js.map   201 KiB      components/TodoForm  [emitted] [dev]        components/TodoForm
        js/components/TodoItem-bc90dc1f248b893bf31c.js   722 KiB      components/TodoItem  [emitted] [immutable]  components/TodoItem
    js/components/TodoItem-bc90dc1f248b893bf31c.js.map   840 KiB      components/TodoItem  [emitted] [dev]        components/TodoItem
       js/components/TodoItems-7868895ce7ea88b790cc.js   132 KiB     components/TodoItems  [emitted] [immutable]  components/TodoItems
   js/components/TodoItems-7868895ce7ea88b790cc.js.map   146 KiB     components/TodoItems  [emitted] [dev]        components/TodoItems
                                         manifest.json   3.1 KiB                           [emitted]              
Entrypoint application = js/application-42e7759648035a50ebf0.js js/application-42e7759648035a50ebf0.js.map
Entrypoint components/AxiosHeaders = js/components/AxiosHeaders-8fda6515f97c34064f50.js js/components/AxiosHeaders-8fda6515f97c34064f50.js.map
Entrypoint components/ErrorMessage = js/components/ErrorMessage-1919bebd8510e0507a54.js js/components/ErrorMessage-1919bebd8510e0507a54.js.map
Entrypoint components/Spinner = js/components/Spinner-83834a046ba7a0287687.js js/components/Spinner-83834a046ba7a0287687.js.map
Entrypoint components/TodoApp = js/components/TodoApp-fb6ab6faf5ec8a6b04d4.js js/components/TodoApp-fb6ab6faf5ec8a6b04d4.js.map
Entrypoint components/TodoForm = js/components/TodoForm-1471dd8497c61a827ade.js js/components/TodoForm-1471dd8497c61a827ade.js.map
Entrypoint components/TodoItem = js/components/TodoItem-bc90dc1f248b893bf31c.js js/components/TodoItem-bc90dc1f248b893bf31c.js.map
Entrypoint components/TodoItems = js/components/TodoItems-7868895ce7ea88b790cc.js js/components/TodoItems-7868895ce7ea88b790cc.js.map
[./app/javascript/channels sync recursive _channel\.js$] ./app/javascript/channels sync _channel\.js$ 160 bytes {application} [built]
[./app/javascript/channels/index.js] 211 bytes {application} [built]
[./app/javascript/packs/application.js] 847 bytes {application} [built]
[./node_modules/webpack/buildin/amd-options.js] (webpack)/buildin/amd-options.js 80 bytes {application} {components/ErrorMessage} {components/TodoApp} {components/TodoItem} [built]
[./node_modules/webpack/buildin/global.js] (webpack)/buildin/global.js 878 bytes {application} {components/ErrorMessage} {components/TodoApp} {components/TodoItem} [built]
[./node_modules/webpack/buildin/module.js] (webpack)/buildin/module.js 552 bytes {application} {components/ErrorMessage} {components/TodoApp} {components/TodoItem} [built]
    + 60 hidden modules

  Rendered shared/_navigation.html.erb (Duration: 1.4ms | Allocations: 335)
  Rendered shared/_flash.html.erb (Duration: 0.6ms | Allocations: 179)
Completed 200 OK in 13451ms (Views: 13443.7ms | ActiveRecord: 0.0ms | Allocations: 1435353)


Started GET "/users/sign_in" for ::1 at 2021-07-04 08:56:43 -0400
Processing by Devise::SessionsController#new as HTML
  Rendering devise/sessions/new.html.erb within layouts/application
  [1m[36mUser Load (7.5ms)[0m  [1m[34mSELECT "users".* FROM "users"[0m
  ↳ app/views/devise/sessions/new.html.erb:13
  Rendered devise/shared/_links.html.erb (Duration: 1.9ms | Allocations: 638)
  Rendered devise/sessions/new.html.erb within layouts/application (Duration: 50.8ms | Allocations: 9828)
[Webpacker] Everything's up-to-date. Nothing to do
  Rendered shared/_navigation.html.erb (Duration: 0.5ms | Allocations: 124)
  Rendered shared/_flash.html.erb (Duration: 0.1ms | Allocations: 17)
Completed 200 OK in 105ms (Views: 77.4ms | ActiveRecord: 16.1ms | Allocations: 21548)


Started POST "/users/sign_in" for ::1 at 2021-07-04 08:56:46 -0400
Processing by Devise::SessionsController#create as HTML
  Parameters: {"authenticity_token"=>"KtVu9FSb8FteeTHx6rh83pEYFIy8acM0ScY4RiuEkyEdPb4crS3fGlykdT14DUZYVF1rzUn7MA+O0MyK+8MD2Q==", "user"=>{"email"=>"nlx@marketcommentary.com", "password"=>"[FILTERED]", "remember_me"=>"0"}, "commit"=>"Log in"}
  [1m[36mUser Load (0.6ms)[0m  [1m[34mSELECT "users".* FROM "users" WHERE "users"."email" = $1 ORDER BY "users"."id" ASC LIMIT $2[0m  [["email", "nlx@marketcommentary.com"], ["LIMIT", 1]]
Completed 401 Unauthorized in 14ms (ActiveRecord: 0.9ms | Allocations: 2556)


Processing by Devise::SessionsController#new as HTML
  Parameters: {"authenticity_token"=>"KtVu9FSb8FteeTHx6rh83pEYFIy8acM0ScY4RiuEkyEdPb4crS3fGlykdT14DUZYVF1rzUn7MA+O0MyK+8MD2Q==", "user"=>{"email"=>"nlx@marketcommentary.com", "password"=>"[FILTERED]", "remember_me"=>"0"}, "commit"=>"Log in"}
  Rendering devise/sessions/new.html.erb within layouts/application
  [1m[36mUser Load (0.9ms)[0m  [1m[34mSELECT "users".* FROM "users"[0m
  ↳ app/views/devise/sessions/new.html.erb:13
  Rendered devise/shared/_links.html.erb (Duration: 0.3ms | Allocations: 134)
  Rendered devise/sessions/new.html.erb within layouts/application (Duration: 4.9ms | Allocations: 1686)
[Webpacker] Everything's up-to-date. Nothing to do
  Rendered shared/_navigation.html.erb (Duration: 0.2ms | Allocations: 82)
  Rendered shared/_flash.html.erb (Duration: 0.1ms | Allocations: 11)
Completed 200 OK in 293ms (Views: 15.9ms | ActiveRecord: 0.9ms | Allocations: 7681)


Started GET "/users/sign_up" for ::1 at 2021-07-04 08:56:51 -0400
Processing by Devise::RegistrationsController#new as HTML
  Rendering devise/registrations/new.html.erb within layouts/application
  Rendered devise/shared/_error_messages.html.erb (Duration: 1.2ms | Allocations: 215)
  Rendered devise/shared/_links.html.erb (Duration: 0.5ms | Allocations: 124)
  Rendered devise/registrations/new.html.erb within layouts/application (Duration: 7.4ms | Allocations: 1929)
[Webpacker] Everything's up-to-date. Nothing to do
  Rendered shared/_navigation.html.erb (Duration: 0.4ms | Allocations: 124)
  Rendered shared/_flash.html.erb (Duration: 0.1ms | Allocations: 17)
Completed 200 OK in 21ms (Views: 20.1ms | ActiveRecord: 0.0ms | Allocations: 7440)


Started POST "/users" for ::1 at 2021-07-04 08:57:18 -0400
Processing by Devise::RegistrationsController#create as HTML
  Parameters: {"authenticity_token"=>"qOODRcOFOhdklcrtx8xStP8LN7dxQrIq+gXuyqs/kaKywunxLx2yXx6LxVB7Efn6HXkK62ZA/pGsRiv7/O7BKw==", "user"=>{"email"=>"nicklonz@gmail.com", "password"=>"[FILTERED]", "password_confirmation"=>"[FILTERED]"}, "commit"=>"Sign up"}
  [1m[35m (0.2ms)[0m  [1m[35mBEGIN[0m
  [1m[36mUser Exists? (0.5ms)[0m  [1m[34mSELECT 1 AS one FROM "users" WHERE "users"."email" = $1 LIMIT $2[0m  [["email", "nicklonz@gmail.com"], ["LIMIT", 1]]
  [1m[36mUser Create (1.5ms)[0m  [1m[32mINSERT INTO "users" ("email", "encrypted_password", "created_at", "updated_at") VALUES ($1, $2, $3, $4) RETURNING "id"[0m  [["email", "nicklonz@gmail.com"], ["encrypted_password", "$2a$11$fTrV3JuNlRK1NtOg4iCMJ.UzAfoU5e.p1gnvU58LjVuBfX5bTn.o6"], ["created_at", "2021-07-04 12:57:18.946248"], ["updated_at", "2021-07-04 12:57:18.946248"]]
  [1m[35m (0.6ms)[0m  [1m[35mCOMMIT[0m
Redirected to http://localhost:3000/
Completed 302 Found in 151ms (ActiveRecord: 2.8ms | Allocations: 8743)


Started GET "/" for ::1 at 2021-07-04 08:57:18 -0400
  [1m[36mUser Load (0.3ms)[0m  [1m[34mSELECT "users".* FROM "users" WHERE "users"."id" = $1 ORDER BY "users"."id" ASC LIMIT $2[0m  [["id", 1], ["LIMIT", 1]]
Processing by PagesController#my_todo_items as HTML
  Rendering pages/my_todo_items.html.erb within layouts/application
  Rendered pages/my_todo_items.html.erb within layouts/application (Duration: 0.7ms | Allocations: 86)
[Webpacker] Everything's up-to-date. Nothing to do
  Rendered shared/_navigation.html.erb (Duration: 0.2ms | Allocations: 106)
  Rendered shared/_flash.html.erb (Duration: 0.1ms | Allocations: 22)
Completed 200 OK in 9ms (Views: 7.9ms | ActiveRecord: 0.0ms | Allocations: 4672)


Started GET "/api/v1/todo_items" for ::1 at 2021-07-04 08:57:19 -0400
Processing by Api::V1::TodoItemsController#index as JSON
  [1m[36mUser Load (2.9ms)[0m  [1m[34mSELECT "users".* FROM "users" WHERE "users"."id" = $1 ORDER BY "users"."id" ASC LIMIT $2[0m  [["id", 1], ["LIMIT", 1]]
  Rendering api/v1/todo_items/index.json.jbuilder
  [1m[36mTodoItem Load (6.5ms)[0m  [1m[34mSELECT "todo_items".* FROM "todo_items" WHERE "todo_items"."user_id" = $1 ORDER BY "todo_items"."created_at" DESC[0m  [["user_id", 1]]
  ↳ app/views/api/v1/todo_items/index.json.jbuilder:1
  Rendered api/v1/todo_items/index.json.jbuilder (Duration: 11.8ms | Allocations: 818)
Completed 200 OK in 99ms (Views: 13.7ms | ActiveRecord: 31.1ms | Allocations: 10679)


Started POST "/api/v1/todo_items" for ::1 at 2021-07-04 08:57:46 -0400
Processing by Api::V1::TodoItemsController#create as JSON
  Parameters: {"todo_item"=>{"title"=>"Task 1", "complete"=>false}}
  [1m[36mUser Load (0.4ms)[0m  [1m[34mSELECT "users".* FROM "users" WHERE "users"."id" = $1 ORDER BY "users"."id" ASC LIMIT $2[0m  [["id", 1], ["LIMIT", 1]]
  [1m[35m (0.2ms)[0m  [1m[35mBEGIN[0m
  ↳ app/controllers/api/v1/todo_items_controller.rb:24:in `block in create'
  [1m[36mTodoItem Create (1.4ms)[0m  [1m[32mINSERT INTO "todo_items" ("title", "user_id", "created_at", "updated_at") VALUES ($1, $2, $3, $4) RETURNING "id"[0m  [["title", "Task 1"], ["user_id", 1], ["created_at", "2021-07-04 12:57:46.184929"], ["updated_at", "2021-07-04 12:57:46.184929"]]
  ↳ app/controllers/api/v1/todo_items_controller.rb:24:in `block in create'
  [1m[35m (0.4ms)[0m  [1m[35mCOMMIT[0m
  ↳ app/controllers/api/v1/todo_items_controller.rb:24:in `block in create'
  Rendering api/v1/todo_items/show.json.jbuilder
  Rendered api/v1/todo_items/_todo_item.json.jbuilder (Duration: 1.8ms | Allocations: 94)
  Rendered api/v1/todo_items/show.json.jbuilder (Duration: 4.8ms | Allocations: 482)
Completed 201 Created in 52ms (Views: 7.0ms | ActiveRecord: 4.6ms | Allocations: 11499)


Started POST "/api/v1/todo_items" for ::1 at 2021-07-04 08:57:51 -0400
Processing by Api::V1::TodoItemsController#create as JSON
  Parameters: {"todo_item"=>{"title"=>"Task 2", "complete"=>false}}
  [1m[36mUser Load (0.8ms)[0m  [1m[34mSELECT "users".* FROM "users" WHERE "users"."id" = $1 ORDER BY "users"."id" ASC LIMIT $2[0m  [["id", 1], ["LIMIT", 1]]
  [1m[35m (0.2ms)[0m  [1m[35mBEGIN[0m
  ↳ app/controllers/api/v1/todo_items_controller.rb:24:in `block in create'
  [1m[36mTodoItem Create (0.7ms)[0m  [1m[32mINSERT INTO "todo_items" ("title", "user_id", "created_at", "updated_at") VALUES ($1, $2, $3, $4) RETURNING "id"[0m  [["title", "Task 2"], ["user_id", 1], ["created_at", "2021-07-04 12:57:51.869088"], ["updated_at", "2021-07-04 12:57:51.869088"]]
  ↳ app/controllers/api/v1/todo_items_controller.rb:24:in `block in create'
  [1m[35m (0.5ms)[0m  [1m[35mCOMMIT[0m
  ↳ app/controllers/api/v1/todo_items_controller.rb:24:in `block in create'
  Rendering api/v1/todo_items/show.json.jbuilder
  Rendered api/v1/todo_items/_todo_item.json.jbuilder (Duration: 0.1ms | Allocations: 21)
  Rendered api/v1/todo_items/show.json.jbuilder (Duration: 0.5ms | Allocations: 202)
Completed 201 Created in 16ms (Views: 1.4ms | ActiveRecord: 2.1ms | Allocations: 4637)


Started POST "/api/v1/todo_items" for ::1 at 2021-07-04 08:57:58 -0400
Processing by Api::V1::TodoItemsController#create as JSON
  Parameters: {"todo_item"=>{"title"=>"Task 3", "complete"=>false}}
  [1m[36mUser Load (0.3ms)[0m  [1m[34mSELECT "users".* FROM "users" WHERE "users"."id" = $1 ORDER BY "users"."id" ASC LIMIT $2[0m  [["id", 1], ["LIMIT", 1]]
  [1m[35m (0.2ms)[0m  [1m[35mBEGIN[0m
  ↳ app/controllers/api/v1/todo_items_controller.rb:24:in `block in create'
  [1m[36mTodoItem Create (0.5ms)[0m  [1m[32mINSERT INTO "todo_items" ("title", "user_id", "created_at", "updated_at") VALUES ($1, $2, $3, $4) RETURNING "id"[0m  [["title", "Task 3"], ["user_id", 1], ["created_at", "2021-07-04 12:57:58.031550"], ["updated_at", "2021-07-04 12:57:58.031550"]]
  ↳ app/controllers/api/v1/todo_items_controller.rb:24:in `block in create'
  [1m[35m (0.4ms)[0m  [1m[35mCOMMIT[0m
  ↳ app/controllers/api/v1/todo_items_controller.rb:24:in `block in create'
  Rendering api/v1/todo_items/show.json.jbuilder
  Rendered api/v1/todo_items/_todo_item.json.jbuilder (Duration: 0.7ms | Allocations: 21)
  Rendered api/v1/todo_items/show.json.jbuilder (Duration: 1.0ms | Allocations: 202)
Completed 201 Created in 18ms (Views: 1.5ms | ActiveRecord: 1.5ms | Allocations: 4635)


Started POST "/api/v1/todo_items" for ::1 at 2021-07-04 08:58:07 -0400
Processing by Api::V1::TodoItemsController#create as JSON
  Parameters: {"todo_item"=>{"title"=>"Task 4", "complete"=>false}}
  [1m[36mUser Load (0.4ms)[0m  [1m[34mSELECT "users".* FROM "users" WHERE "users"."id" = $1 ORDER BY "users"."id" ASC LIMIT $2[0m  [["id", 1], ["LIMIT", 1]]
  [1m[35m (0.2ms)[0m  [1m[35mBEGIN[0m
  ↳ app/controllers/api/v1/todo_items_controller.rb:24:in `block in create'
  [1m[36mTodoItem Create (0.7ms)[0m  [1m[32mINSERT INTO "todo_items" ("title", "user_id", "created_at", "updated_at") VALUES ($1, $2, $3, $4) RETURNING "id"[0m  [["title", "Task 4"], ["user_id", 1], ["created_at", "2021-07-04 12:58:07.258007"], ["updated_at", "2021-07-04 12:58:07.258007"]]
  ↳ app/controllers/api/v1/todo_items_controller.rb:24:in `block in create'
  [1m[35m (0.8ms)[0m  [1m[35mCOMMIT[0m
  ↳ app/controllers/api/v1/todo_items_controller.rb:24:in `block in create'
  Rendering api/v1/todo_items/show.json.jbuilder
  Rendered api/v1/todo_items/_todo_item.json.jbuilder (Duration: 0.1ms | Allocations: 21)
  Rendered api/v1/todo_items/show.json.jbuilder (Duration: 0.9ms | Allocations: 203)
Completed 201 Created in 22ms (Views: 1.5ms | ActiveRecord: 2.1ms | Allocations: 4662)


Started POST "/api/v1/todo_items" for ::1 at 2021-07-04 08:58:11 -0400
Processing by Api::V1::TodoItemsController#create as JSON
  Parameters: {"todo_item"=>{"title"=>"Task 5", "complete"=>false}}
  [1m[36mUser Load (0.3ms)[0m  [1m[34mSELECT "users".* FROM "users" WHERE "users"."id" = $1 ORDER BY "users"."id" ASC LIMIT $2[0m  [["id", 1], ["LIMIT", 1]]
  [1m[35m (0.2ms)[0m  [1m[35mBEGIN[0m
  ↳ app/controllers/api/v1/todo_items_controller.rb:24:in `block in create'
  [1m[36mTodoItem Create (1.0ms)[0m  [1m[32mINSERT INTO "todo_items" ("title", "user_id", "created_at", "updated_at") VALUES ($1, $2, $3, $4) RETURNING "id"[0m  [["title", "Task 5"], ["user_id", 1], ["created_at", "2021-07-04 12:58:11.794805"], ["updated_at", "2021-07-04 12:58:11.794805"]]
  ↳ app/controllers/api/v1/todo_items_controller.rb:24:in `block in create'
  [1m[35m (0.6ms)[0m  [1m[35mCOMMIT[0m
  ↳ app/controllers/api/v1/todo_items_controller.rb:24:in `block in create'
  Rendering api/v1/todo_items/show.json.jbuilder
  Rendered api/v1/todo_items/_todo_item.json.jbuilder (Duration: 0.2ms | Allocations: 21)
  Rendered api/v1/todo_items/show.json.jbuilder (Duration: 0.5ms | Allocations: 202)
Completed 201 Created in 13ms (Views: 1.1ms | ActiveRecord: 2.1ms | Allocations: 4632)


Started POST "/api/v1/todo_items" for ::1 at 2021-07-04 08:58:20 -0400
Processing by Api::V1::TodoItemsController#create as JSON
  Parameters: {"todo_item"=>{"title"=>"Task 6", "complete"=>false}}
  [1m[36mUser Load (0.3ms)[0m  [1m[34mSELECT "users".* FROM "users" WHERE "users"."id" = $1 ORDER BY "users"."id" ASC LIMIT $2[0m  [["id", 1], ["LIMIT", 1]]
  [1m[35m (0.2ms)[0m  [1m[35mBEGIN[0m
  ↳ app/controllers/api/v1/todo_items_controller.rb:24:in `block in create'
  [1m[36mTodoItem Create (0.6ms)[0m  [1m[32mINSERT INTO "todo_items" ("title", "user_id", "created_at", "updated_at") VALUES ($1, $2, $3, $4) RETURNING "id"[0m  [["title", "Task 6"], ["user_id", 1], ["created_at", "2021-07-04 12:58:20.443974"], ["updated_at", "2021-07-04 12:58:20.443974"]]
  ↳ app/controllers/api/v1/todo_items_controller.rb:24:in `block in create'
  [1m[35m (0.5ms)[0m  [1m[35mCOMMIT[0m
  ↳ app/controllers/api/v1/todo_items_controller.rb:24:in `block in create'
  Rendering api/v1/todo_items/show.json.jbuilder
  Rendered api/v1/todo_items/_todo_item.json.jbuilder (Duration: 0.1ms | Allocations: 21)
  Rendered api/v1/todo_items/show.json.jbuilder (Duration: 0.4ms | Allocations: 202)
Completed 201 Created in 55ms (Views: 0.9ms | ActiveRecord: 1.6ms | Allocations: 4641)


Started PUT "/api/v1/todo_items/6" for ::1 at 2021-07-04 08:58:25 -0400
Processing by Api::V1::TodoItemsController#update as JSON
  Parameters: {"todo_item"=>{"title"=>"Task 6", "complete"=>true}, "id"=>"6"}
  [1m[36mUser Load (0.3ms)[0m  [1m[34mSELECT "users".* FROM "users" WHERE "users"."id" = $1 ORDER BY "users"."id" ASC LIMIT $2[0m  [["id", 1], ["LIMIT", 1]]
  [1m[36mTodoItem Load (0.3ms)[0m  [1m[34mSELECT "todo_items".* FROM "todo_items" WHERE "todo_items"."id" = $1 ORDER BY "todo_items"."created_at" DESC LIMIT $2[0m  [["id", 6], ["LIMIT", 1]]
  ↳ app/controllers/api/v1/todo_items_controller.rb:66:in `set_todo_item'
  [1m[36mUser Load (0.4ms)[0m  [1m[34mSELECT "users".* FROM "users" WHERE "users"."id" = $1 LIMIT $2[0m  [["id", 1], ["LIMIT", 1]]
  ↳ app/controllers/api/v1/todo_items_controller.rb:70:in `authorized?'
  [1m[35m (0.2ms)[0m  [1m[35mBEGIN[0m
  ↳ app/controllers/api/v1/todo_items_controller.rb:40:in `block in update'
  [1m[36mTodoItem Update (0.5ms)[0m  [1m[33mUPDATE "todo_items" SET "complete" = $1, "updated_at" = $2 WHERE "todo_items"."id" = $3[0m  [["complete", true], ["updated_at", "2021-07-04 12:58:25.795808"], ["id", 6]]
  ↳ app/controllers/api/v1/todo_items_controller.rb:40:in `block in update'
  [1m[35m (6.2ms)[0m  [1m[35mCOMMIT[0m
  ↳ app/controllers/api/v1/todo_items_controller.rb:40:in `block in update'
  Rendering api/v1/todo_items/show.json.jbuilder
  Rendered api/v1/todo_items/_todo_item.json.jbuilder (Duration: 0.1ms | Allocations: 21)
  Rendered api/v1/todo_items/show.json.jbuilder (Duration: 0.4ms | Allocations: 202)
Completed 200 OK in 20ms (Views: 0.9ms | ActiveRecord: 7.9ms | Allocations: 5997)


Started DELETE "/api/v1/todo_items/3" for ::1 at 2021-07-04 08:58:32 -0400
Processing by Api::V1::TodoItemsController#destroy as JSON
  Parameters: {"id"=>"3"}
  [1m[36mUser Load (0.5ms)[0m  [1m[34mSELECT "users".* FROM "users" WHERE "users"."id" = $1 ORDER BY "users"."id" ASC LIMIT $2[0m  [["id", 1], ["LIMIT", 1]]
  [1m[36mTodoItem Load (9.2ms)[0m  [1m[34mSELECT "todo_items".* FROM "todo_items" WHERE "todo_items"."id" = $1 ORDER BY "todo_items"."created_at" DESC LIMIT $2[0m  [["id", 3], ["LIMIT", 1]]
  ↳ app/controllers/api/v1/todo_items_controller.rb:66:in `set_todo_item'
  [1m[36mUser Load (0.7ms)[0m  [1m[34mSELECT "users".* FROM "users" WHERE "users"."id" = $1 LIMIT $2[0m  [["id", 1], ["LIMIT", 1]]
  ↳ app/controllers/api/v1/todo_items_controller.rb:70:in `authorized?'
  [1m[35m (0.3ms)[0m  [1m[35mBEGIN[0m
  ↳ app/controllers/api/v1/todo_items_controller.rb:54:in `destroy'
  [1m[36mTodoItem Destroy (3.3ms)[0m  [1m[31mDELETE FROM "todo_items" WHERE "todo_items"."id" = $1[0m  [["id", 3]]
  ↳ app/controllers/api/v1/todo_items_controller.rb:54:in `destroy'
  [1m[35m (0.9ms)[0m  [1m[35mCOMMIT[0m
  ↳ app/controllers/api/v1/todo_items_controller.rb:54:in `destroy'
Completed 204 No Content in 31ms (ActiveRecord: 14.9ms | Allocations: 4973)


Started GET "/api/v1/todo_items" for ::1 at 2021-07-04 08:58:32 -0400
Processing by Api::V1::TodoItemsController#index as JSON
  [1m[36mUser Load (0.3ms)[0m  [1m[34mSELECT "users".* FROM "users" WHERE "users"."id" = $1 ORDER BY "users"."id" ASC LIMIT $2[0m  [["id", 1], ["LIMIT", 1]]
  Rendering api/v1/todo_items/index.json.jbuilder
  [1m[36mTodoItem Load (0.5ms)[0m  [1m[34mSELECT "todo_items".* FROM "todo_items" WHERE "todo_items"."user_id" = $1 ORDER BY "todo_items"."created_at" DESC[0m  [["user_id", 1]]
  ↳ app/views/api/v1/todo_items/index.json.jbuilder:1
  Rendered api/v1/todo_items/_todo_item.json.jbuilder (Duration: 1.2ms | Allocations: 96)
  Rendered api/v1/todo_items/_todo_item.json.jbuilder (Duration: 0.2ms | Allocations: 26)
  Rendered api/v1/todo_items/_todo_item.json.jbuilder (Duration: 0.1ms | Allocations: 26)
  Rendered api/v1/todo_items/_todo_item.json.jbuilder (Duration: 0.1ms | Allocations: 26)
  Rendered api/v1/todo_items/_todo_item.json.jbuilder (Duration: 0.1ms | Allocations: 26)
  Rendered api/v1/todo_items/index.json.jbuilder (Duration: 7.5ms | Allocations: 1901)
Completed 200 OK in 14ms (Views: 8.0ms | ActiveRecord: 0.8ms | Allocations: 4048)


Started GET "/" for ::1 at 2021-07-04 08:58:39 -0400
  [1m[36mUser Load (0.4ms)[0m  [1m[34mSELECT "users".* FROM "users" WHERE "users"."id" = $1 ORDER BY "users"."id" ASC LIMIT $2[0m  [["id", 1], ["LIMIT", 1]]
Processing by PagesController#my_todo_items as HTML
  Rendering pages/my_todo_items.html.erb within layouts/application
  Rendered pages/my_todo_items.html.erb within layouts/application (Duration: 0.2ms | Allocations: 4)
[Webpacker] Everything's up-to-date. Nothing to do
  Rendered shared/_navigation.html.erb (Duration: 0.5ms | Allocations: 103)
  Rendered shared/_flash.html.erb (Duration: 0.1ms | Allocations: 17)
Completed 200 OK in 19ms (Views: 18.0ms | ActiveRecord: 0.0ms | Allocations: 4437)


Started GET "/api/v1/todo_items" for ::1 at 2021-07-04 08:58:39 -0400
Processing by Api::V1::TodoItemsController#index as JSON
  [1m[36mUser Load (0.3ms)[0m  [1m[34mSELECT "users".* FROM "users" WHERE "users"."id" = $1 ORDER BY "users"."id" ASC LIMIT $2[0m  [["id", 1], ["LIMIT", 1]]
  Rendering api/v1/todo_items/index.json.jbuilder
  [1m[36mTodoItem Load (0.6ms)[0m  [1m[34mSELECT "todo_items".* FROM "todo_items" WHERE "todo_items"."user_id" = $1 ORDER BY "todo_items"."created_at" DESC[0m  [["user_id", 1]]
  ↳ app/views/api/v1/todo_items/index.json.jbuilder:1
  Rendered api/v1/todo_items/_todo_item.json.jbuilder (Duration: 0.1ms | Allocations: 27)
  Rendered api/v1/todo_items/_todo_item.json.jbuilder (Duration: 0.1ms | Allocations: 26)
  Rendered api/v1/todo_items/_todo_item.json.jbuilder (Duration: 0.1ms | Allocations: 26)
  Rendered api/v1/todo_items/_todo_item.json.jbuilder (Duration: 0.1ms | Allocations: 26)
  Rendered api/v1/todo_items/_todo_item.json.jbuilder (Duration: 0.0ms | Allocations: 26)
  Rendered api/v1/todo_items/index.json.jbuilder (Duration: 3.1ms | Allocations: 1733)
Completed 200 OK in 7ms (Views: 3.0ms | ActiveRecord: 0.9ms | Allocations: 3880)


Started GET "/" for ::1 at 2021-07-04 08:58:42 -0400
  [1m[36mUser Load (0.5ms)[0m  [1m[34mSELECT "users".* FROM "users" WHERE "users"."id" = $1 ORDER BY "users"."id" ASC LIMIT $2[0m  [["id", 1], ["LIMIT", 1]]
Processing by PagesController#my_todo_items as HTML
  Rendering pages/my_todo_items.html.erb within layouts/application
  Rendered pages/my_todo_items.html.erb within layouts/application (Duration: 0.0ms | Allocations: 4)
[Webpacker] Everything's up-to-date. Nothing to do
  Rendered shared/_navigation.html.erb (Duration: 0.4ms | Allocations: 96)
  Rendered shared/_flash.html.erb (Duration: 0.1ms | Allocations: 17)
Completed 200 OK in 11ms (Views: 10.7ms | ActiveRecord: 0.0ms | Allocations: 4425)


Started GET "/api/v1/todo_items" for ::1 at 2021-07-04 08:58:42 -0400
Processing by Api::V1::TodoItemsController#index as JSON
  [1m[36mUser Load (0.3ms)[0m  [1m[34mSELECT "users".* FROM "users" WHERE "users"."id" = $1 ORDER BY "users"."id" ASC LIMIT $2[0m  [["id", 1], ["LIMIT", 1]]
  Rendering api/v1/todo_items/index.json.jbuilder
  [1m[36mTodoItem Load (0.4ms)[0m  [1m[34mSELECT "todo_items".* FROM "todo_items" WHERE "todo_items"."user_id" = $1 ORDER BY "todo_items"."created_at" DESC[0m  [["user_id", 1]]
  ↳ app/views/api/v1/todo_items/index.json.jbuilder:1
  Rendered api/v1/todo_items/_todo_item.json.jbuilder (Duration: 0.1ms | Allocations: 27)
  Rendered api/v1/todo_items/_todo_item.json.jbuilder (Duration: 0.1ms | Allocations: 26)
  Rendered api/v1/todo_items/_todo_item.json.jbuilder (Duration: 0.1ms | Allocations: 26)
  Rendered api/v1/todo_items/_todo_item.json.jbuilder (Duration: 0.1ms | Allocations: 26)
  Rendered api/v1/todo_items/_todo_item.json.jbuilder (Duration: 0.1ms | Allocations: 26)
  Rendered api/v1/todo_items/index.json.jbuilder (Duration: 3.3ms | Allocations: 1733)
Completed 200 OK in 7ms (Views: 3.6ms | ActiveRecord: 0.7ms | Allocations: 3880)


Started GET "/" for ::1 at 2021-07-04 09:07:44 -0400
  [1m[35m (2.4ms)[0m  [1m[34mSELECT "schema_migrations"."version" FROM "schema_migrations" ORDER BY "schema_migrations"."version" ASC[0m
  [1m[36mUser Load (7.4ms)[0m  [1m[34mSELECT "users".* FROM "users" WHERE "users"."id" = $1 ORDER BY "users"."id" ASC LIMIT $2[0m  [["id", 1], ["LIMIT", 1]]
Processing by PagesController#my_todo_items as HTML
  Rendering pages/my_todo_items.html.erb within layouts/application
  Rendered pages/my_todo_items.html.erb within layouts/application (Duration: 2.8ms | Allocations: 205)
[Webpacker] Everything's up-to-date. Nothing to do
  Rendered shared/_navigation.html.erb (Duration: 2.4ms | Allocations: 351)
  Rendered shared/_flash.html.erb (Duration: 0.9ms | Allocations: 179)
Completed 200 OK in 2640ms (Views: 2631.5ms | ActiveRecord: 0.0ms | Allocations: 1429398)


Started GET "/api/v1/todo_items" for ::1 at 2021-07-04 09:07:47 -0400
Processing by Api::V1::TodoItemsController#index as JSON
  [1m[36mUser Load (0.6ms)[0m  [1m[34mSELECT "users".* FROM "users" WHERE "users"."id" = $1 ORDER BY "users"."id" ASC LIMIT $2[0m  [["id", 1], ["LIMIT", 1]]
  Rendering api/v1/todo_items/index.json.jbuilder
  [1m[36mTodoItem Load (2.1ms)[0m  [1m[34mSELECT "todo_items".* FROM "todo_items" WHERE "todo_items"."user_id" = $1 ORDER BY "todo_items"."created_at" DESC[0m  [["user_id", 1]]
  ↳ app/views/api/v1/todo_items/index.json.jbuilder:1
  Rendered api/v1/todo_items/_todo_item.json.jbuilder (Duration: 1.1ms | Allocations: 108)
  Rendered api/v1/todo_items/_todo_item.json.jbuilder (Duration: 0.1ms | Allocations: 26)
  Rendered api/v1/todo_items/_todo_item.json.jbuilder (Duration: 0.2ms | Allocations: 26)
  Rendered api/v1/todo_items/_todo_item.json.jbuilder (Duration: 0.1ms | Allocations: 26)
  Rendered api/v1/todo_items/_todo_item.json.jbuilder (Duration: 0.1ms | Allocations: 26)
  Rendered api/v1/todo_items/index.json.jbuilder (Duration: 45.8ms | Allocations: 6325)
Completed 200 OK in 149ms (Views: 44.1ms | ActiveRecord: 76.7ms | Allocations: 13121)


Started GET "/" for ::1 at 2021-07-04 09:07:53 -0400
  [1m[36mUser Load (0.6ms)[0m  [1m[34mSELECT "users".* FROM "users" WHERE "users"."id" = $1 ORDER BY "users"."id" ASC LIMIT $2[0m  [["id", 1], ["LIMIT", 1]]
Processing by PagesController#my_todo_items as HTML
  Rendering pages/my_todo_items.html.erb within layouts/application
  Rendered pages/my_todo_items.html.erb within layouts/application (Duration: 0.1ms | Allocations: 5)
[Webpacker] Everything's up-to-date. Nothing to do
  Rendered shared/_navigation.html.erb (Duration: 0.3ms | Allocations: 103)
  Rendered shared/_flash.html.erb (Duration: 0.1ms | Allocations: 17)
Completed 200 OK in 12ms (Views: 11.6ms | ActiveRecord: 0.0ms | Allocations: 4441)


Started GET "/api/v1/todo_items" for ::1 at 2021-07-04 09:07:53 -0400
Processing by Api::V1::TodoItemsController#index as JSON
  [1m[36mUser Load (1.7ms)[0m  [1m[34mSELECT "users".* FROM "users" WHERE "users"."id" = $1 ORDER BY "users"."id" ASC LIMIT $2[0m  [["id", 1], ["LIMIT", 1]]
  Rendering api/v1/todo_items/index.json.jbuilder
  [1m[36mTodoItem Load (2.8ms)[0m  [1m[34mSELECT "todo_items".* FROM "todo_items" WHERE "todo_items"."user_id" = $1 ORDER BY "todo_items"."created_at" DESC[0m  [["user_id", 1]]
  ↳ app/views/api/v1/todo_items/index.json.jbuilder:1
  Rendered api/v1/todo_items/_todo_item.json.jbuilder (Duration: 0.2ms | Allocations: 27)
  Rendered api/v1/todo_items/_todo_item.json.jbuilder (Duration: 0.1ms | Allocations: 26)
  Rendered api/v1/todo_items/_todo_item.json.jbuilder (Duration: 0.1ms | Allocations: 26)
  Rendered api/v1/todo_items/_todo_item.json.jbuilder (Duration: 0.1ms | Allocations: 26)
  Rendered api/v1/todo_items/_todo_item.json.jbuilder (Duration: 0.1ms | Allocations: 26)
  Rendered api/v1/todo_items/index.json.jbuilder (Duration: 6.9ms | Allocations: 1733)
Completed 200 OK in 14ms (Views: 4.9ms | ActiveRecord: 4.5ms | Allocations: 3880)


Started GET "/" for ::1 at 2021-07-04 09:07:56 -0400
  [1m[36mUser Load (0.7ms)[0m  [1m[34mSELECT "users".* FROM "users" WHERE "users"."id" = $1 ORDER BY "users"."id" ASC LIMIT $2[0m  [["id", 1], ["LIMIT", 1]]
Processing by PagesController#my_todo_items as HTML
  Rendering pages/my_todo_items.html.erb within layouts/application
  Rendered pages/my_todo_items.html.erb within layouts/application (Duration: 0.1ms | Allocations: 5)
[Webpacker] Everything's up-to-date. Nothing to do
  Rendered shared/_navigation.html.erb (Duration: 0.2ms | Allocations: 96)
  Rendered shared/_flash.html.erb (Duration: 0.1ms | Allocations: 17)
Completed 200 OK in 10ms (Views: 9.1ms | ActiveRecord: 0.0ms | Allocations: 4430)


Started GET "/api/v1/todo_items" for ::1 at 2021-07-04 09:07:56 -0400
Processing by Api::V1::TodoItemsController#index as JSON
  [1m[36mUser Load (2.7ms)[0m  [1m[34mSELECT "users".* FROM "users" WHERE "users"."id" = $1 ORDER BY "users"."id" ASC LIMIT $2[0m  [["id", 1], ["LIMIT", 1]]
  Rendering api/v1/todo_items/index.json.jbuilder
  [1m[36mTodoItem Load (29.9ms)[0m  [1m[34mSELECT "todo_items".* FROM "todo_items" WHERE "todo_items"."user_id" = $1 ORDER BY "todo_items"."created_at" DESC[0m  [["user_id", 1]]
  ↳ app/views/api/v1/todo_items/index.json.jbuilder:1
  Rendered api/v1/todo_items/_todo_item.json.jbuilder (Duration: 0.1ms | Allocations: 27)
  Rendered api/v1/todo_items/_todo_item.json.jbuilder (Duration: 0.1ms | Allocations: 26)
  Rendered api/v1/todo_items/_todo_item.json.jbuilder (Duration: 0.1ms | Allocations: 26)
  Rendered api/v1/todo_items/_todo_item.json.jbuilder (Duration: 0.1ms | Allocations: 26)
  Rendered api/v1/todo_items/_todo_item.json.jbuilder (Duration: 0.1ms | Allocations: 26)
  Rendered api/v1/todo_items/index.json.jbuilder (Duration: 34.4ms | Allocations: 1734)
Completed 200 OK in 44ms (Views: 7.7ms | ActiveRecord: 32.6ms | Allocations: 3903)


Started GET "/" for ::1 at 2021-07-04 09:08:48 -0400
  [1m[35m (3.1ms)[0m  [1m[34mSELECT "schema_migrations"."version" FROM "schema_migrations" ORDER BY "schema_migrations"."version" ASC[0m
  [1m[36mUser Load (1.3ms)[0m  [1m[34mSELECT "users".* FROM "users" WHERE "users"."id" = $1 ORDER BY "users"."id" ASC LIMIT $2[0m  [["id", 1], ["LIMIT", 1]]
Processing by PagesController#my_todo_items as HTML
  Rendering pages/my_todo_items.html.erb within layouts/application
  Rendered pages/my_todo_items.html.erb within layouts/application (Duration: 1.7ms | Allocations: 205)
[Webpacker] Everything's up-to-date. Nothing to do
  Rendered shared/_navigation.html.erb (Duration: 1.4ms | Allocations: 351)
  Rendered shared/_flash.html.erb (Duration: 0.7ms | Allocations: 179)
Completed 200 OK in 1624ms (Views: 1616.4ms | ActiveRecord: 0.0ms | Allocations: 1429398)


Started GET "/api/v1/todo_items" for ::1 at 2021-07-04 09:08:50 -0400
Processing by Api::V1::TodoItemsController#index as JSON
  [1m[36mUser Load (8.1ms)[0m  [1m[34mSELECT "users".* FROM "users" WHERE "users"."id" = $1 ORDER BY "users"."id" ASC LIMIT $2[0m  [["id", 1], ["LIMIT", 1]]
  Rendering api/v1/todo_items/index.json.jbuilder
  [1m[36mTodoItem Load (0.8ms)[0m  [1m[34mSELECT "todo_items".* FROM "todo_items" WHERE "todo_items"."user_id" = $1 ORDER BY "todo_items"."created_at" DESC[0m  [["user_id", 1]]
  ↳ app/views/api/v1/todo_items/index.json.jbuilder:1
  Rendered api/v1/todo_items/_todo_item.json.jbuilder (Duration: 1.5ms | Allocations: 108)
  Rendered api/v1/todo_items/_todo_item.json.jbuilder (Duration: 0.1ms | Allocations: 26)
  Rendered api/v1/todo_items/_todo_item.json.jbuilder (Duration: 0.1ms | Allocations: 26)
  Rendered api/v1/todo_items/_todo_item.json.jbuilder (Duration: 0.1ms | Allocations: 26)
  Rendered api/v1/todo_items/_todo_item.json.jbuilder (Duration: 0.1ms | Allocations: 26)
  Rendered api/v1/todo_items/index.json.jbuilder (Duration: 18.1ms | Allocations: 6325)
Completed 200 OK in 47ms (Views: 18.4ms | ActiveRecord: 13.3ms | Allocations: 13069)


Started POST "/api/v1/todo_items" for ::1 at 2021-07-04 09:09:08 -0400
Processing by Api::V1::TodoItemsController#create as JSON
  Parameters: {"todo_item"=>{"title"=>"Task 7 - new folder test", "complete"=>false}}
  [1m[36mUser Load (0.8ms)[0m  [1m[34mSELECT "users".* FROM "users" WHERE "users"."id" = $1 ORDER BY "users"."id" ASC LIMIT $2[0m  [["id", 1], ["LIMIT", 1]]
  [1m[35m (0.2ms)[0m  [1m[35mBEGIN[0m
  ↳ app/controllers/api/v1/todo_items_controller.rb:24:in `block in create'
  [1m[36mTodoItem Create (1.4ms)[0m  [1m[32mINSERT INTO "todo_items" ("title", "user_id", "created_at", "updated_at") VALUES ($1, $2, $3, $4) RETURNING "id"[0m  [["title", "Task 7 - new folder test"], ["user_id", 1], ["created_at", "2021-07-04 13:09:08.109311"], ["updated_at", "2021-07-04 13:09:08.109311"]]
  ↳ app/controllers/api/v1/todo_items_controller.rb:24:in `block in create'
  [1m[35m (1.6ms)[0m  [1m[35mCOMMIT[0m
  ↳ app/controllers/api/v1/todo_items_controller.rb:24:in `block in create'
  Rendering api/v1/todo_items/show.json.jbuilder
  Rendered api/v1/todo_items/_todo_item.json.jbuilder (Duration: 0.4ms | Allocations: 87)
  Rendered api/v1/todo_items/show.json.jbuilder (Duration: 1.9ms | Allocations: 434)
Completed 201 Created in 18ms (Views: 3.5ms | ActiveRecord: 4.0ms | Allocations: 5281)


Started GET "/" for ::1 at 2021-07-04 09:09:12 -0400
  [1m[36mUser Load (0.5ms)[0m  [1m[34mSELECT "users".* FROM "users" WHERE "users"."id" = $1 ORDER BY "users"."id" ASC LIMIT $2[0m  [["id", 1], ["LIMIT", 1]]
Processing by PagesController#my_todo_items as HTML
  Rendering pages/my_todo_items.html.erb within layouts/application
  Rendered pages/my_todo_items.html.erb within layouts/application (Duration: 0.1ms | Allocations: 5)
[Webpacker] Everything's up-to-date. Nothing to do
  Rendered shared/_navigation.html.erb (Duration: 0.2ms | Allocations: 103)
  Rendered shared/_flash.html.erb (Duration: 0.1ms | Allocations: 17)
Completed 200 OK in 11ms (Views: 10.1ms | ActiveRecord: 0.0ms | Allocations: 4441)


Started GET "/api/v1/todo_items" for ::1 at 2021-07-04 09:09:12 -0400
Processing by Api::V1::TodoItemsController#index as JSON
  [1m[36mUser Load (6.1ms)[0m  [1m[34mSELECT "users".* FROM "users" WHERE "users"."id" = $1 ORDER BY "users"."id" ASC LIMIT $2[0m  [["id", 1], ["LIMIT", 1]]
  Rendering api/v1/todo_items/index.json.jbuilder
  [1m[36mTodoItem Load (0.4ms)[0m  [1m[34mSELECT "todo_items".* FROM "todo_items" WHERE "todo_items"."user_id" = $1 ORDER BY "todo_items"."created_at" DESC[0m  [["user_id", 1]]
  ↳ app/views/api/v1/todo_items/index.json.jbuilder:1
  Rendered api/v1/todo_items/_todo_item.json.jbuilder (Duration: 0.1ms | Allocations: 28)
  Rendered api/v1/todo_items/_todo_item.json.jbuilder (Duration: 0.1ms | Allocations: 26)
  Rendered api/v1/todo_items/_todo_item.json.jbuilder (Duration: 0.1ms | Allocations: 26)
  Rendered api/v1/todo_items/_todo_item.json.jbuilder (Duration: 0.1ms | Allocations: 26)
  Rendered api/v1/todo_items/_todo_item.json.jbuilder (Duration: 0.1ms | Allocations: 26)
  Rendered api/v1/todo_items/_todo_item.json.jbuilder (Duration: 0.1ms | Allocations: 26)
  Rendered api/v1/todo_items/index.json.jbuilder (Duration: 5.9ms | Allocations: 1936)
Completed 200 OK in 21ms (Views: 7.3ms | ActiveRecord: 6.5ms | Allocations: 4110)


